<?xml version="1.0" encoding="UTF-8"?>
<!-- Generated by org.testng.reporters.JUnitReportReporter -->
<testsuite skipped="0" hostname="piyush.ghildiyal" name="myProject.SecondTestngProjectTest" tests="2" failures="0" timestamp="04 Mar 2019 10:52:45 GMT" time="4.276" errors="0">
  <testcase name="register" time="2.137" classname="myProject.SecondTestngProjectTest"/>
  <testcase name="support" time="2.139" classname="myProject.SecondTestngProjectTest"/>
</testsuite> <!-- myProject.SecondTestngProjectTest -->
