<?xml version="1.0" encoding="UTF-8"?>
<!-- Generated by org.testng.reporters.JUnitReportReporter -->
<testsuite skipped="0" hostname="piyush.ghildiyal" name="myProject.HrisVerifyWeeklyTimeTestThroughList" tests="1" failures="0" timestamp="07 Mar 2019 13:26:47 GMT" time="6.687" errors="0">
  <testcase name="TestList" time="6.687" classname="myProject.HrisVerifyWeeklyTimeTestThroughList"/>
</testsuite> <!-- myProject.HrisVerifyWeeklyTimeTestThroughList -->
