<?xml version="1.0" encoding="UTF-8"?>
<!-- Generated by org.testng.reporters.JUnitReportReporter -->
<testsuite skipped="0" hostname="piyush.ghildiyal" name="myProject.FirstTestngProjectTest" tests="6" failures="0" timestamp="04 Mar 2019 13:09:42 GMT" time="0.266" errors="0">
  <testcase name="verifySubtextOfTitle" time="0.031" classname="myProject.FirstTestngProjectTest"/>
  <testcase name="verifyLinkBasic" time="0.147" classname="myProject.FirstTestngProjectTest"/>
  <testcase name="verifyHomepageTitle" time="0.029" classname="myProject.FirstTestngProjectTest"/>
  <testcase name="verifyHeading" time="0.037" classname="myProject.FirstTestngProjectTest"/>
  <testcase name="verifyNumberOfLink" time="0.018" classname="myProject.FirstTestngProjectTest"/>
  <testcase name="verifyWindowTitle" time="0.004" classname="myProject.FirstTestngProjectTest"/>
</testsuite> <!-- myProject.FirstTestngProjectTest -->
