<?xml version="1.0" encoding="UTF-8"?>
<!-- Generated by org.testng.reporters.JUnitReportReporter -->
<testsuite skipped="0" hostname="piyush.ghildiyal" name="myProject.HrisVerifyWeeklyTimeTest" tests="1" failures="0" timestamp="07 Mar 2019 11:43:18 GMT" time="5.991" errors="0">
  <testcase name="Test1" time="5.991" classname="myProject.HrisVerifyWeeklyTimeTest"/>
</testsuite> <!-- myProject.HrisVerifyWeeklyTimeTest -->
